<?xml version="1.0" encoding="UTF-8"?>
<!-- Generated by org.testng.reporters.JUnitXMLReporter -->
<testsuite ignored="0" hostname="DESKTOP-R1NCR26" failures="0" tests="2" name="Default test" time="42.093" errors="0" timestamp="2022-01-08T07:51:15 GMT-05:00">
  <testcase classname="DataDrivenTest.DataDrivenFrameworkConceptInTestNG" name="AutomationPracticeSignInTest" time="5.961"/>
  <testcase classname="DataDrivenTest.DataDrivenFrameworkConceptInTestNG" name="AutomationPracticeSignInTest" time="5.737"/>
</testsuite> <!-- Default test -->
